-------------------------------------------------------------------------------
Test set: com.zerobank.runners.CukesRunner
-------------------------------------------------------------------------------
Tests run: 1, Failures: 1, Errors: 0, Skipped: 0, Time elapsed: 26.169 s <<< FAILURE! - in com.zerobank.runners.CukesRunner
Search date range(Find Transactions in Account Activity)  Time elapsed: 25.092 s  <<< FAILURE!
java.lang.AssertionError: Results NOT contain 2012-09-05

