-------------------------------------------------------------------------------
Test set: com.zerobank.runners.FailedTestRunner
-------------------------------------------------------------------------------
Tests run: 1, Failures: 1, Errors: 0, Skipped: 0, Time elapsed: 20.05 s <<< FAILURE! - in com.zerobank.runners.FailedTestRunner
Search date range(Find Transactions in Account Activity)  Time elapsed: 20.004 s  <<< FAILURE!
java.lang.AssertionError: Results NOT contain 2012-09-05

