[
  {
    "line": 1,
    "elements": [
      {
        "start_timestamp": "2020-11-20T21:22:26.805Z",
        "before": [
          {
            "result": {
              "status": "passed"
            },
            "match": {
              "location": "com.zerobank.step_definitions.Hooks.setUp()"
            }
          }
        ],
        "line": 3,
        "name": "Verify account summary page titles, account types and columns",
        "description": "",
        "id": "account-summary;verify-account-summary-page-titles--account-types-and-columns",
        "after": [
          {
            "result": {
              "duration": 1016749900,
              "status": "passed"
            },
            "match": {
              "location": "com.zerobank.step_definitions.Hooks.tearDown(io.cucumber.java.Scenario)"
            }
          }
        ],
        "type": "scenario",
        "keyword": "Scenario",
        "steps": [
          {
            "result": {
              "duration": 16447658700,
              "status": "passed"
            },
            "line": 4,
            "name": "the user is on the login page",
            "match": {
              "location": "com.zerobank.step_definitions.LoginStepDefs.the_user_is_on_the_login_page()"
            },
            "keyword": "Given "
          },
          {
            "result": {
              "duration": 15046331900,
              "status": "passed"
            },
            "line": 5,
            "name": "the user logs in using \"username\" and \"password\"",
            "match": {
              "arguments": [
                {
                  "val": "\"username\"",
                  "offset": 23
                },
                {
                  "val": "\"password\"",
                  "offset": 38
                }
              ],
              "location": "com.zerobank.step_definitions.LoginStepDefs.the_user_logs_in_using_and(java.lang.String,java.lang.String)"
            },
            "keyword": "When "
          },
          {
            "result": {
              "duration": 481857400,
              "status": "passed"
            },
            "line": 6,
            "name": "the page should have the title \"Zero - Account Summary\"",
            "match": {
              "arguments": [
                {
                  "val": "\"Zero - Account Summary\"",
                  "offset": 31
                }
              ],
              "location": "com.zerobank.step_definitions.AccountSummaryStepDefs.the_page_should_have_the_title(java.lang.String)"
            },
            "keyword": "Then "
          },
          {
            "result": {
              "duration": 942722300,
              "status": "passed"
            },
            "line": 7,
            "name": "Account summary page should have to following account types",
            "match": {
              "location": "com.zerobank.step_definitions.AccountSummaryStepDefs.account_summary_page_should_have_to_following_account_types(java.util.List\u003cjava.lang.String\u003e)"
            },
            "rows": [
              {
                "cells": [
                  "Cash Accounts"
                ]
              },
              {
                "cells": [
                  "Investment Accounts"
                ]
              },
              {
                "cells": [
                  "Credit Accounts"
                ]
              },
              {
                "cells": [
                  "Loan Accounts"
                ]
              }
            ],
            "keyword": "And "
          },
          {
            "result": {
              "duration": 3949839400,
              "status": "passed"
            },
            "line": 12,
            "name": "Credit Accounts table must have columns",
            "match": {
              "location": "com.zerobank.step_definitions.AccountSummaryStepDefs.credit_Accounts_table_must_have_columns(java.util.List\u003cjava.lang.String\u003e)"
            },
            "rows": [
              {
                "cells": [
                  "Account"
                ]
              },
              {
                "cells": [
                  "Credit Card"
                ]
              },
              {
                "cells": [
                  "Balance"
                ]
              }
            ],
            "keyword": "And "
          }
        ],
        "tags": [
          {
            "name": "@regression"
          }
        ]
      }
    ],
    "name": "Account Summary",
    "description": "",
    "id": "account-summary",
    "keyword": "Feature",
    "uri": "file:src/test/resources/features/AccounSummary.feature",
    "tags": []
  },
  {
    "line": 1,
    "elements": [
      {
        "start_timestamp": "2020-11-20T21:22:26.806Z",
        "before": [
          {
            "result": {
              "status": "passed"
            },
            "match": {
              "location": "com.zerobank.step_definitions.Hooks.setUp()"
            }
          }
        ],
        "line": 4,
        "name": "Verify account activity page title and drop down options",
        "description": "",
        "id": "account-activity;verify-account-activity-page-title-and-drop-down-options",
        "after": [
          {
            "result": {
              "error_message": "org.openqa.selenium.TimeoutException: timeout: Timed out receiving message from renderer: 10.000\n  (Session info: chrome\u003d87.0.4280.66)\nBuild info: version: \u00273.141.59\u0027, revision: \u0027e82be7d358\u0027, time: \u00272018-11-14T08:17:03\u0027\nSystem info: host: \u0027DESKTOP-EB4BI5O\u0027, ip: \u0027192.168.43.236\u0027, os.name: \u0027Windows 10\u0027, os.arch: \u0027amd64\u0027, os.version: \u002710.0\u0027, java.version: \u002713.0.1\u0027\nDriver info: org.openqa.selenium.remote.RemoteWebDriver\nCapabilities {acceptInsecureCerts: false, browserName: chrome, browserVersion: 87.0.4280.66, chrome: {chromedriverVersion: 86.0.4240.22 (398b0743353ff..., userDataDir: C:\\Users\\BiLAL\\AppData\\Loca...}, goog:chromeOptions: {debuggerAddress: localhost:52314}, javascriptEnabled: true, networkConnectionEnabled: false, pageLoadStrategy: normal, platform: WINDOWS, platformName: WINDOWS, proxy: Proxy(), setWindowRect: true, strictFileInteractability: false, timeouts: {implicit: 0, pageLoad: 300000, script: 30000}, unhandledPromptBehavior: dismiss and notify, webauthn:virtualAuthenticators: true, webdriver.remote.sessionid: 9554566165a67c8048fae7ad1b7...}\nSession ID: 9554566165a67c8048fae7ad1b75227d\r\n\tat java.base/jdk.internal.reflect.NativeConstructorAccessorImpl.newInstance0(Native Method)\r\n\tat java.base/jdk.internal.reflect.NativeConstructorAccessorImpl.newInstance(NativeConstructorAccessorImpl.java:62)\r\n\tat java.base/jdk.internal.reflect.DelegatingConstructorAccessorImpl.newInstance(DelegatingConstructorAccessorImpl.java:45)\r\n\tat java.base/java.lang.reflect.Constructor.newInstanceWithCaller(Constructor.java:500)\r\n\tat java.base/java.lang.reflect.Constructor.newInstance(Constructor.java:481)\r\n\tat org.openqa.selenium.remote.http.W3CHttpResponseCodec.createException(W3CHttpResponseCodec.java:187)\r\n\tat org.openqa.selenium.remote.http.W3CHttpResponseCodec.decode(W3CHttpResponseCodec.java:122)\r\n\tat org.openqa.selenium.remote.http.W3CHttpResponseCodec.decode(W3CHttpResponseCodec.java:49)\r\n\tat org.openqa.selenium.remote.HttpCommandExecutor.execute(HttpCommandExecutor.java:158)\r\n\tat org.openqa.selenium.remote.RemoteWebDriver.execute(RemoteWebDriver.java:552)\r\n\tat org.openqa.selenium.remote.RemoteWebDriver.execute(RemoteWebDriver.java:609)\r\n\tat org.openqa.selenium.remote.RemoteWebDriver.getScreenshotAs(RemoteWebDriver.java:295)\r\n\tat com.zerobank.step_definitions.Hooks.tearDown(Hooks.java:23)\r\n",
              "duration": 65930577300,
              "status": "failed"
            },
            "match": {
              "location": "com.zerobank.step_definitions.Hooks.tearDown(io.cucumber.java.Scenario)"
            }
          }
        ],
        "type": "scenario",
        "keyword": "Scenario",
        "steps": [
          {
            "result": {
              "duration": 31619954400,
              "status": "passed"
            },
            "line": 5,
            "name": "the user is logged in",
            "match": {
              "location": "com.zerobank.step_definitions.AccountActivityStepDefs.the_user_is_logged_in()"
            },
            "keyword": "Given "
          },
          {
            "result": {
              "duration": 693795400,
              "status": "passed"
            },
            "line": 6,
            "name": "the user navigates Account Activity",
            "match": {
              "location": "com.zerobank.step_definitions.AccountActivityStepDefs.the_user_navigates_Account_Activity()"
            },
            "keyword": "When "
          },
          {
            "result": {
              "error_message": "org.junit.ComparisonFailure: Verify the page title expected:\u003cZero - Account [Activit]y\u003e but was:\u003cZero - Account [Summar]y\u003e\r\n\tat org.junit.Assert.assertEquals(Assert.java:117)\r\n\tat com.zerobank.step_definitions.AccountSummaryStepDefs.the_page_should_have_the_title(AccountSummaryStepDefs.java:16)\r\n\tat ✽.the page should have the title \"Zero - Account Activity\"(file:///C:/Users/BiLAL/IdeaProjects/ZeroBankAutomation_MyProject/src/test/resources/features/AccountActivity.feature:7)\r\n",
              "duration": 255922800,
              "status": "failed"
            },
            "line": 7,
            "name": "the page should have the title \"Zero - Account Activity\"",
            "match": {
              "arguments": [
                {
                  "val": "\"Zero - Account Activity\"",
                  "offset": 31
                }
              ],
              "location": "com.zerobank.step_definitions.AccountSummaryStepDefs.the_page_should_have_the_title(java.lang.String)"
            },
            "keyword": "Then "
          },
          {
            "result": {
              "status": "skipped"
            },
            "line": 8,
            "name": "In the Account drop down option should be \"Savings\"",
            "match": {
              "arguments": [
                {
                  "val": "\"Savings\"",
                  "offset": 42
                }
              ],
              "location": "com.zerobank.step_definitions.AccountActivityStepDefs.in_the_Account_drop_down_option_should_be(java.lang.String)"
            },
            "keyword": "And "
          },
          {
            "result": {
              "status": "skipped"
            },
            "line": 9,
            "name": "Account drop down should have the following options:",
            "match": {
              "location": "com.zerobank.step_definitions.AccountActivityStepDefs.account_drop_down_should_have_the_following_options(java.util.List\u003cjava.lang.String\u003e)"
            },
            "rows": [
              {
                "cells": [
                  "Savings"
                ]
              },
              {
                "cells": [
                  "Checking"
                ]
              },
              {
                "cells": [
                  "Savings"
                ]
              },
              {
                "cells": [
                  "Loan"
                ]
              },
              {
                "cells": [
                  "Credit Card"
                ]
              },
              {
                "cells": [
                  "Brokerage"
                ]
              }
            ],
            "keyword": "Then "
          },
          {
            "result": {
              "status": "skipped"
            },
            "line": 16,
            "name": "Transactions table must have columns",
            "match": {
              "location": "com.zerobank.step_definitions.AccountActivityStepDefs.transactions_table_must_have_columns(java.util.List\u003cjava.lang.String\u003e)"
            },
            "rows": [
              {
                "cells": [
                  "Date"
                ]
              },
              {
                "cells": [
                  "Description"
                ]
              },
              {
                "cells": [
                  "Deposit"
                ]
              },
              {
                "cells": [
                  "Withdrawal"
                ]
              }
            ],
            "keyword": "And "
          }
        ],
        "tags": [
          {
            "name": "@regression"
          }
        ]
      }
    ],
    "name": "Account Activity",
    "description": "",
    "id": "account-activity",
    "keyword": "Feature",
    "uri": "file:src/test/resources/features/AccountActivity.feature",
    "tags": []
  },
  {
    "line": 1,
    "elements": [
      {
        "start_timestamp": "2020-11-20T21:22:26.787Z",
        "before": [
          {
            "result": {
              "duration": 6996400,
              "status": "passed"
            },
            "match": {
              "location": "com.zerobank.step_definitions.Hooks.setUp()"
            }
          }
        ],
        "line": 14,
        "name": "Search description",
        "description": "",
        "id": "find-transactions-in-account-activity;search-description",
        "after": [
          {
            "result": {
              "error_message": "org.openqa.selenium.TimeoutException: timeout: Timed out receiving message from renderer: 10.000\n  (Session info: chrome\u003d87.0.4280.66)\nBuild info: version: \u00273.141.59\u0027, revision: \u0027e82be7d358\u0027, time: \u00272018-11-14T08:17:03\u0027\nSystem info: host: \u0027DESKTOP-EB4BI5O\u0027, ip: \u0027192.168.43.236\u0027, os.name: \u0027Windows 10\u0027, os.arch: \u0027amd64\u0027, os.version: \u002710.0\u0027, java.version: \u002713.0.1\u0027\nDriver info: org.openqa.selenium.remote.RemoteWebDriver\nCapabilities {acceptInsecureCerts: false, browserName: chrome, browserVersion: 87.0.4280.66, chrome: {chromedriverVersion: 86.0.4240.22 (398b0743353ff..., userDataDir: C:\\Users\\BiLAL\\AppData\\Loca...}, goog:chromeOptions: {debuggerAddress: localhost:52310}, javascriptEnabled: true, networkConnectionEnabled: false, pageLoadStrategy: normal, platform: WINDOWS, platformName: WINDOWS, proxy: Proxy(), setWindowRect: true, strictFileInteractability: false, timeouts: {implicit: 0, pageLoad: 300000, script: 30000}, unhandledPromptBehavior: dismiss and notify, webauthn:virtualAuthenticators: true, webdriver.remote.sessionid: 926fbe1d6070f69baa2f18b6e01...}\nSession ID: 926fbe1d6070f69baa2f18b6e0118489\r\n\tat java.base/jdk.internal.reflect.NativeConstructorAccessorImpl.newInstance0(Native Method)\r\n\tat java.base/jdk.internal.reflect.NativeConstructorAccessorImpl.newInstance(NativeConstructorAccessorImpl.java:62)\r\n\tat java.base/jdk.internal.reflect.DelegatingConstructorAccessorImpl.newInstance(DelegatingConstructorAccessorImpl.java:45)\r\n\tat java.base/java.lang.reflect.Constructor.newInstanceWithCaller(Constructor.java:500)\r\n\tat java.base/java.lang.reflect.Constructor.newInstance(Constructor.java:481)\r\n\tat org.openqa.selenium.remote.http.W3CHttpResponseCodec.createException(W3CHttpResponseCodec.java:187)\r\n\tat org.openqa.selenium.remote.http.W3CHttpResponseCodec.decode(W3CHttpResponseCodec.java:122)\r\n\tat org.openqa.selenium.remote.http.W3CHttpResponseCodec.decode(W3CHttpResponseCodec.java:49)\r\n\tat org.openqa.selenium.remote.HttpCommandExecutor.execute(HttpCommandExecutor.java:158)\r\n\tat org.openqa.selenium.remote.RemoteWebDriver.execute(RemoteWebDriver.java:552)\r\n\tat org.openqa.selenium.remote.RemoteWebDriver.execute(RemoteWebDriver.java:609)\r\n\tat org.openqa.selenium.remote.RemoteWebDriver.getScreenshotAs(RemoteWebDriver.java:295)\r\n\tat com.zerobank.step_definitions.Hooks.tearDown(Hooks.java:23)\r\n",
              "duration": 64914878500,
              "status": "failed"
            },
            "match": {
              "location": "com.zerobank.step_definitions.Hooks.tearDown(io.cucumber.java.Scenario)"
            }
          }
        ],
        "type": "scenario",
        "keyword": "Scenario",
        "steps": [
          {
            "result": {
              "error_message": "org.openqa.selenium.NoSuchElementException: no such element: Unable to locate element: {\"method\":\"link text\",\"selector\":\"Find Transactions\"}\n  (Session info: chrome\u003d87.0.4280.66)\nFor documentation on this error, please visit: https://www.seleniumhq.org/exceptions/no_such_element.html\nBuild info: version: \u00273.141.59\u0027, revision: \u0027e82be7d358\u0027, time: \u00272018-11-14T08:17:03\u0027\nSystem info: host: \u0027DESKTOP-EB4BI5O\u0027, ip: \u0027192.168.43.236\u0027, os.name: \u0027Windows 10\u0027, os.arch: \u0027amd64\u0027, os.version: \u002710.0\u0027, java.version: \u002713.0.1\u0027\nDriver info: org.openqa.selenium.remote.RemoteWebDriver\nCapabilities {acceptInsecureCerts: false, browserName: chrome, browserVersion: 87.0.4280.66, chrome: {chromedriverVersion: 86.0.4240.22 (398b0743353ff..., userDataDir: C:\\Users\\BiLAL\\AppData\\Loca...}, goog:chromeOptions: {debuggerAddress: localhost:52310}, javascriptEnabled: true, networkConnectionEnabled: false, pageLoadStrategy: normal, platform: WINDOWS, platformName: WINDOWS, proxy: Proxy(), setWindowRect: true, strictFileInteractability: false, timeouts: {implicit: 0, pageLoad: 300000, script: 30000}, unhandledPromptBehavior: dismiss and notify, webauthn:virtualAuthenticators: true, webdriver.remote.sessionid: 926fbe1d6070f69baa2f18b6e01...}\nSession ID: 926fbe1d6070f69baa2f18b6e0118489\n*** Element info: {Using\u003dlink text, value\u003dFind Transactions}\r\n\tat java.base/jdk.internal.reflect.NativeConstructorAccessorImpl.newInstance0(Native Method)\r\n\tat java.base/jdk.internal.reflect.NativeConstructorAccessorImpl.newInstance(NativeConstructorAccessorImpl.java:62)\r\n\tat java.base/jdk.internal.reflect.DelegatingConstructorAccessorImpl.newInstance(DelegatingConstructorAccessorImpl.java:45)\r\n\tat java.base/java.lang.reflect.Constructor.newInstanceWithCaller(Constructor.java:500)\r\n\tat java.base/java.lang.reflect.Constructor.newInstance(Constructor.java:481)\r\n\tat org.openqa.selenium.remote.http.W3CHttpResponseCodec.createException(W3CHttpResponseCodec.java:187)\r\n\tat org.openqa.selenium.remote.http.W3CHttpResponseCodec.decode(W3CHttpResponseCodec.java:122)\r\n\tat org.openqa.selenium.remote.http.W3CHttpResponseCodec.decode(W3CHttpResponseCodec.java:49)\r\n\tat org.openqa.selenium.remote.HttpCommandExecutor.execute(HttpCommandExecutor.java:158)\r\n\tat org.openqa.selenium.remote.RemoteWebDriver.execute(RemoteWebDriver.java:552)\r\n\tat org.openqa.selenium.remote.RemoteWebDriver.findElement(RemoteWebDriver.java:323)\r\n\tat org.openqa.selenium.remote.RemoteWebDriver.findElementByLinkText(RemoteWebDriver.java:380)\r\n\tat org.openqa.selenium.By$ByLinkText.findElement(By.java:220)\r\n\tat org.openqa.selenium.remote.RemoteWebDriver.findElement(RemoteWebDriver.java:315)\r\n\tat org.openqa.selenium.support.pagefactory.DefaultElementLocator.findElement(DefaultElementLocator.java:69)\r\n\tat org.openqa.selenium.support.pagefactory.internal.LocatingElementHandler.invoke(LocatingElementHandler.java:38)\r\n\tat com.sun.proxy.$Proxy19.click(Unknown Source)\r\n\tat com.zerobank.step_definitions.FindTransactionsStepDefs.the_user_accesses_the_Find_Transactions_tab(FindTransactionsStepDefs.java:28)\r\n\tat ✽.the user accesses the Find Transactions tab(file:///C:/Users/BiLAL/IdeaProjects/ZeroBankAutomation_MyProject/src/test/resources/features/FindTransactions.feature:15)\r\n",
              "duration": 33618365500,
              "status": "failed"
            },
            "line": 15,
            "name": "the user accesses the Find Transactions tab",
            "match": {
              "location": "com.zerobank.step_definitions.FindTransactionsStepDefs.the_user_accesses_the_Find_Transactions_tab()"
            },
            "keyword": "Given "
          },
          {
            "result": {
              "status": "skipped"
            },
            "line": 16,
            "name": "the user enters description \"ONLINE\"",
            "match": {
              "arguments": [
                {
                  "val": "\"ONLINE\"",
                  "offset": 28
                }
              ],
              "location": "com.zerobank.step_definitions.FindTransactionsStepDefs.the_user_enters_description(java.lang.String)"
            },
            "keyword": "When "
          },
          {
            "result": {
              "status": "skipped"
            },
            "line": 17,
            "name": "clicks search",
            "match": {
              "location": "com.zerobank.step_definitions.FindTransactionsStepDefs.clicks_search()"
            },
            "keyword": "And "
          },
          {
            "result": {
              "status": "skipped"
            },
            "line": 18,
            "name": "results table should only show descriptions containing \"ONLINE\"",
            "match": {
              "arguments": [
                {
                  "val": "\"ONLINE\"",
                  "offset": 55
                }
              ],
              "location": "com.zerobank.step_definitions.FindTransactionsStepDefs.results_table_should_only_show_descriptions_containing(java.lang.String)"
            },
            "keyword": "Then "
          },
          {
            "result": {
              "status": "skipped"
            },
            "line": 19,
            "name": "the user enters description \"OFFICE\"",
            "match": {
              "arguments": [
                {
                  "val": "\"OFFICE\"",
                  "offset": 28
                }
              ],
              "location": "com.zerobank.step_definitions.FindTransactionsStepDefs.the_user_enters_description(java.lang.String)"
            },
            "keyword": "When "
          },
          {
            "result": {
              "status": "skipped"
            },
            "line": 20,
            "name": "clicks search",
            "match": {
              "location": "com.zerobank.step_definitions.FindTransactionsStepDefs.clicks_search()"
            },
            "keyword": "And "
          },
          {
            "result": {
              "status": "skipped"
            },
            "line": 21,
            "name": "results table should only show descriptions containing \"OFFICE\"",
            "match": {
              "arguments": [
                {
                  "val": "\"OFFICE\"",
                  "offset": 55
                }
              ],
              "location": "com.zerobank.step_definitions.FindTransactionsStepDefs.results_table_should_only_show_descriptions_containing(java.lang.String)"
            },
            "keyword": "Then "
          },
          {
            "result": {
              "status": "skipped"
            },
            "line": 22,
            "name": "results table should not show descriptions containing \"ONLINE\"",
            "match": {
              "arguments": [
                {
                  "val": "\"ONLINE\"",
                  "offset": 54
                }
              ],
              "location": "com.zerobank.step_definitions.FindTransactionsStepDefs.results_table_should_not_show_descriptions_containing(java.lang.String)"
            },
            "keyword": "But "
          }
        ],
        "tags": [
          {
            "name": "@regression"
          }
        ]
      },
      {
        "start_timestamp": "2020-11-20T21:24:05.347Z",
        "before": [
          {
            "result": {
              "status": "passed"
            },
            "match": {
              "location": "com.zerobank.step_definitions.Hooks.setUp()"
            }
          }
        ],
        "line": 36,
        "name": "Search description",
        "description": "",
        "id": "find-transactions-in-account-activity;search-description;;2",
        "after": [
          {
            "result": {
              "error_message": "org.openqa.selenium.TimeoutException: timeout: Timed out receiving message from renderer: 10.000\n  (Session info: chrome\u003d87.0.4280.66)\nBuild info: version: \u00273.141.59\u0027, revision: \u0027e82be7d358\u0027, time: \u00272018-11-14T08:17:03\u0027\nSystem info: host: \u0027DESKTOP-EB4BI5O\u0027, ip: \u0027192.168.43.236\u0027, os.name: \u0027Windows 10\u0027, os.arch: \u0027amd64\u0027, os.version: \u002710.0\u0027, java.version: \u002713.0.1\u0027\nDriver info: org.openqa.selenium.remote.RemoteWebDriver\nCapabilities {acceptInsecureCerts: false, browserName: chrome, browserVersion: 87.0.4280.66, chrome: {chromedriverVersion: 86.0.4240.22 (398b0743353ff..., userDataDir: C:\\Users\\BiLAL\\AppData\\Loca...}, goog:chromeOptions: {debuggerAddress: localhost:52310}, javascriptEnabled: true, networkConnectionEnabled: false, pageLoadStrategy: normal, platform: WINDOWS, platformName: WINDOWS, proxy: Proxy(), setWindowRect: true, strictFileInteractability: false, timeouts: {implicit: 0, pageLoad: 300000, script: 30000}, unhandledPromptBehavior: dismiss and notify, webauthn:virtualAuthenticators: true, webdriver.remote.sessionid: 926fbe1d6070f69baa2f18b6e01...}\nSession ID: 926fbe1d6070f69baa2f18b6e0118489\r\n\tat java.base/jdk.internal.reflect.NativeConstructorAccessorImpl.newInstance0(Native Method)\r\n\tat java.base/jdk.internal.reflect.NativeConstructorAccessorImpl.newInstance(NativeConstructorAccessorImpl.java:62)\r\n\tat java.base/jdk.internal.reflect.DelegatingConstructorAccessorImpl.newInstance(DelegatingConstructorAccessorImpl.java:45)\r\n\tat java.base/java.lang.reflect.Constructor.newInstanceWithCaller(Constructor.java:500)\r\n\tat java.base/java.lang.reflect.Constructor.newInstance(Constructor.java:481)\r\n\tat org.openqa.selenium.remote.http.W3CHttpResponseCodec.createException(W3CHttpResponseCodec.java:187)\r\n\tat org.openqa.selenium.remote.http.W3CHttpResponseCodec.decode(W3CHttpResponseCodec.java:122)\r\n\tat org.openqa.selenium.remote.http.W3CHttpResponseCodec.decode(W3CHttpResponseCodec.java:49)\r\n\tat org.openqa.selenium.remote.HttpCommandExecutor.execute(HttpCommandExecutor.java:158)\r\n\tat org.openqa.selenium.remote.RemoteWebDriver.execute(RemoteWebDriver.java:552)\r\n\tat org.openqa.selenium.remote.RemoteWebDriver.execute(RemoteWebDriver.java:609)\r\n\tat org.openqa.selenium.remote.RemoteWebDriver.getScreenshotAs(RemoteWebDriver.java:295)\r\n\tat com.zerobank.step_definitions.Hooks.tearDown(Hooks.java:23)\r\n",
              "duration": 60190053300,
              "status": "failed"
            },
            "match": {
              "location": "com.zerobank.step_definitions.Hooks.tearDown(io.cucumber.java.Scenario)"
            }
          }
        ],
        "type": "scenario",
        "keyword": "Scenario Outline",
        "steps": [
          {
            "result": {
              "error_message": "org.openqa.selenium.NoSuchElementException: no such element: Unable to locate element: {\"method\":\"css selector\",\"selector\":\"#user_login\"}\n  (Session info: chrome\u003d87.0.4280.66)\nFor documentation on this error, please visit: https://www.seleniumhq.org/exceptions/no_such_element.html\nBuild info: version: \u00273.141.59\u0027, revision: \u0027e82be7d358\u0027, time: \u00272018-11-14T08:17:03\u0027\nSystem info: host: \u0027DESKTOP-EB4BI5O\u0027, ip: \u0027192.168.43.236\u0027, os.name: \u0027Windows 10\u0027, os.arch: \u0027amd64\u0027, os.version: \u002710.0\u0027, java.version: \u002713.0.1\u0027\nDriver info: org.openqa.selenium.remote.RemoteWebDriver\nCapabilities {acceptInsecureCerts: false, browserName: chrome, browserVersion: 87.0.4280.66, chrome: {chromedriverVersion: 86.0.4240.22 (398b0743353ff..., userDataDir: C:\\Users\\BiLAL\\AppData\\Loca...}, goog:chromeOptions: {debuggerAddress: localhost:52310}, javascriptEnabled: true, networkConnectionEnabled: false, pageLoadStrategy: normal, platform: WINDOWS, platformName: WINDOWS, proxy: Proxy(), setWindowRect: true, strictFileInteractability: false, timeouts: {implicit: 0, pageLoad: 300000, script: 30000}, unhandledPromptBehavior: dismiss and notify, webauthn:virtualAuthenticators: true, webdriver.remote.sessionid: 926fbe1d6070f69baa2f18b6e01...}\nSession ID: 926fbe1d6070f69baa2f18b6e0118489\n*** Element info: {Using\u003did, value\u003duser_login}\r\n\tat java.base/jdk.internal.reflect.NativeConstructorAccessorImpl.newInstance0(Native Method)\r\n\tat java.base/jdk.internal.reflect.NativeConstructorAccessorImpl.newInstance(NativeConstructorAccessorImpl.java:62)\r\n\tat java.base/jdk.internal.reflect.DelegatingConstructorAccessorImpl.newInstance(DelegatingConstructorAccessorImpl.java:45)\r\n\tat java.base/java.lang.reflect.Constructor.newInstanceWithCaller(Constructor.java:500)\r\n\tat java.base/java.lang.reflect.Constructor.newInstance(Constructor.java:481)\r\n\tat org.openqa.selenium.remote.http.W3CHttpResponseCodec.createException(W3CHttpResponseCodec.java:187)\r\n\tat org.openqa.selenium.remote.http.W3CHttpResponseCodec.decode(W3CHttpResponseCodec.java:122)\r\n\tat org.openqa.selenium.remote.http.W3CHttpResponseCodec.decode(W3CHttpResponseCodec.java:49)\r\n\tat org.openqa.selenium.remote.HttpCommandExecutor.execute(HttpCommandExecutor.java:158)\r\n\tat org.openqa.selenium.remote.RemoteWebDriver.execute(RemoteWebDriver.java:552)\r\n\tat org.openqa.selenium.remote.RemoteWebDriver.findElement(RemoteWebDriver.java:323)\r\n\tat org.openqa.selenium.remote.RemoteWebDriver.findElementById(RemoteWebDriver.java:372)\r\n\tat org.openqa.selenium.By$ById.findElement(By.java:188)\r\n\tat org.openqa.selenium.remote.RemoteWebDriver.findElement(RemoteWebDriver.java:315)\r\n\tat org.openqa.selenium.support.pagefactory.DefaultElementLocator.findElement(DefaultElementLocator.java:69)\r\n\tat org.openqa.selenium.support.pagefactory.internal.LocatingElementHandler.invoke(LocatingElementHandler.java:38)\r\n\tat com.sun.proxy.$Proxy19.sendKeys(Unknown Source)\r\n\tat com.zerobank.pages.LoginPage.login(LoginPage.java:35)\r\n\tat com.zerobank.step_definitions.FindTransactionsStepDefs.the_user_accesses_the_Find_Transactions_tab(FindTransactionsStepDefs.java:26)\r\n\tat ✽.the user accesses the Find Transactions tab(file:///C:/Users/BiLAL/IdeaProjects/ZeroBankAutomation_MyProject/src/test/resources/features/FindTransactions.feature:26)\r\n",
              "duration": 3615832500,
              "status": "failed"
            },
            "line": 26,
            "name": "the user accesses the Find Transactions tab",
            "match": {
              "location": "com.zerobank.step_definitions.FindTransactionsStepDefs.the_user_accesses_the_Find_Transactions_tab()"
            },
            "keyword": "Given "
          },
          {
            "result": {
              "status": "skipped"
            },
            "line": 27,
            "name": "the user enters description \"ONLINE\"",
            "match": {
              "arguments": [
                {
                  "val": "\"ONLINE\"",
                  "offset": 28
                }
              ],
              "location": "com.zerobank.step_definitions.FindTransactionsStepDefs.the_user_enters_description(java.lang.String)"
            },
            "keyword": "When "
          },
          {
            "result": {
              "status": "skipped"
            },
            "line": 28,
            "name": "clicks search",
            "match": {
              "location": "com.zerobank.step_definitions.FindTransactionsStepDefs.clicks_search()"
            },
            "keyword": "And "
          },
          {
            "result": {
              "status": "skipped"
            },
            "line": 29,
            "name": "results table should only show descriptions containing \"ONLINE\"",
            "match": {
              "arguments": [
                {
                  "val": "\"ONLINE\"",
                  "offset": 55
                }
              ],
              "location": "com.zerobank.step_definitions.FindTransactionsStepDefs.results_table_should_only_show_descriptions_containing(java.lang.String)"
            },
            "keyword": "Then "
          },
          {
            "result": {
              "status": "skipped"
            },
            "line": 30,
            "name": "the user enters description \"OFFICE\"",
            "match": {
              "arguments": [
                {
                  "val": "\"OFFICE\"",
                  "offset": 28
                }
              ],
              "location": "com.zerobank.step_definitions.FindTransactionsStepDefs.the_user_enters_description(java.lang.String)"
            },
            "keyword": "When "
          },
          {
            "result": {
              "status": "skipped"
            },
            "line": 31,
            "name": "clicks search",
            "match": {
              "location": "com.zerobank.step_definitions.FindTransactionsStepDefs.clicks_search()"
            },
            "keyword": "And "
          },
          {
            "result": {
              "status": "skipped"
            },
            "line": 32,
            "name": "results table should only show descriptions containing \"OFFICE\"",
            "match": {
              "arguments": [
                {
                  "val": "\"OFFICE\"",
                  "offset": 55
                }
              ],
              "location": "com.zerobank.step_definitions.FindTransactionsStepDefs.results_table_should_only_show_descriptions_containing(java.lang.String)"
            },
            "keyword": "Then "
          },
          {
            "result": {
              "status": "skipped"
            },
            "line": 33,
            "name": "results table should not show descriptions containing \"ONLINE\"",
            "match": {
              "arguments": [
                {
                  "val": "\"ONLINE\"",
                  "offset": 54
                }
              ],
              "location": "com.zerobank.step_definitions.FindTransactionsStepDefs.results_table_should_not_show_descriptions_containing(java.lang.String)"
            },
            "keyword": "But "
          }
        ],
        "tags": [
          {
            "name": "@regression"
          }
        ]
      },
      {
        "start_timestamp": "2020-11-20T21:25:09.164Z",
        "before": [
          {
            "result": {
              "status": "passed"
            },
            "match": {
              "location": "com.zerobank.step_definitions.Hooks.setUp()"
            }
          }
        ],
        "line": 37,
        "name": "Search description",
        "description": "",
        "id": "find-transactions-in-account-activity;search-description;;3",
        "after": [
          {
            "result": {
              "error_message": "org.openqa.selenium.TimeoutException: timeout: Timed out receiving message from renderer: 10.000\n  (Session info: chrome\u003d87.0.4280.66)\nBuild info: version: \u00273.141.59\u0027, revision: \u0027e82be7d358\u0027, time: \u00272018-11-14T08:17:03\u0027\nSystem info: host: \u0027DESKTOP-EB4BI5O\u0027, ip: \u0027192.168.43.236\u0027, os.name: \u0027Windows 10\u0027, os.arch: \u0027amd64\u0027, os.version: \u002710.0\u0027, java.version: \u002713.0.1\u0027\nDriver info: org.openqa.selenium.remote.RemoteWebDriver\nCapabilities {acceptInsecureCerts: false, browserName: chrome, browserVersion: 87.0.4280.66, chrome: {chromedriverVersion: 86.0.4240.22 (398b0743353ff..., userDataDir: C:\\Users\\BiLAL\\AppData\\Loca...}, goog:chromeOptions: {debuggerAddress: localhost:52310}, javascriptEnabled: true, networkConnectionEnabled: false, pageLoadStrategy: normal, platform: WINDOWS, platformName: WINDOWS, proxy: Proxy(), setWindowRect: true, strictFileInteractability: false, timeouts: {implicit: 0, pageLoad: 300000, script: 30000}, unhandledPromptBehavior: dismiss and notify, webauthn:virtualAuthenticators: true, webdriver.remote.sessionid: 926fbe1d6070f69baa2f18b6e01...}\nSession ID: 926fbe1d6070f69baa2f18b6e0118489\r\n\tat java.base/jdk.internal.reflect.NativeConstructorAccessorImpl.newInstance0(Native Method)\r\n\tat java.base/jdk.internal.reflect.NativeConstructorAccessorImpl.newInstance(NativeConstructorAccessorImpl.java:62)\r\n\tat java.base/jdk.internal.reflect.DelegatingConstructorAccessorImpl.newInstance(DelegatingConstructorAccessorImpl.java:45)\r\n\tat java.base/java.lang.reflect.Constructor.newInstanceWithCaller(Constructor.java:500)\r\n\tat java.base/java.lang.reflect.Constructor.newInstance(Constructor.java:481)\r\n\tat org.openqa.selenium.remote.http.W3CHttpResponseCodec.createException(W3CHttpResponseCodec.java:187)\r\n\tat org.openqa.selenium.remote.http.W3CHttpResponseCodec.decode(W3CHttpResponseCodec.java:122)\r\n\tat org.openqa.selenium.remote.http.W3CHttpResponseCodec.decode(W3CHttpResponseCodec.java:49)\r\n\tat org.openqa.selenium.remote.HttpCommandExecutor.execute(HttpCommandExecutor.java:158)\r\n\tat org.openqa.selenium.remote.RemoteWebDriver.execute(RemoteWebDriver.java:552)\r\n\tat org.openqa.selenium.remote.RemoteWebDriver.execute(RemoteWebDriver.java:609)\r\n\tat org.openqa.selenium.remote.RemoteWebDriver.getScreenshotAs(RemoteWebDriver.java:295)\r\n\tat com.zerobank.step_definitions.Hooks.tearDown(Hooks.java:23)\r\n",
              "duration": 60084576900,
              "status": "failed"
            },
            "match": {
              "location": "com.zerobank.step_definitions.Hooks.tearDown(io.cucumber.java.Scenario)"
            }
          }
        ],
        "type": "scenario",
        "keyword": "Scenario Outline",
        "steps": [
          {
            "result": {
              "error_message": "org.openqa.selenium.NoSuchElementException: no such element: Unable to locate element: {\"method\":\"css selector\",\"selector\":\"#user_login\"}\n  (Session info: chrome\u003d87.0.4280.66)\nFor documentation on this error, please visit: https://www.seleniumhq.org/exceptions/no_such_element.html\nBuild info: version: \u00273.141.59\u0027, revision: \u0027e82be7d358\u0027, time: \u00272018-11-14T08:17:03\u0027\nSystem info: host: \u0027DESKTOP-EB4BI5O\u0027, ip: \u0027192.168.43.236\u0027, os.name: \u0027Windows 10\u0027, os.arch: \u0027amd64\u0027, os.version: \u002710.0\u0027, java.version: \u002713.0.1\u0027\nDriver info: org.openqa.selenium.remote.RemoteWebDriver\nCapabilities {acceptInsecureCerts: false, browserName: chrome, browserVersion: 87.0.4280.66, chrome: {chromedriverVersion: 86.0.4240.22 (398b0743353ff..., userDataDir: C:\\Users\\BiLAL\\AppData\\Loca...}, goog:chromeOptions: {debuggerAddress: localhost:52310}, javascriptEnabled: true, networkConnectionEnabled: false, pageLoadStrategy: normal, platform: WINDOWS, platformName: WINDOWS, proxy: Proxy(), setWindowRect: true, strictFileInteractability: false, timeouts: {implicit: 0, pageLoad: 300000, script: 30000}, unhandledPromptBehavior: dismiss and notify, webauthn:virtualAuthenticators: true, webdriver.remote.sessionid: 926fbe1d6070f69baa2f18b6e01...}\nSession ID: 926fbe1d6070f69baa2f18b6e0118489\n*** Element info: {Using\u003did, value\u003duser_login}\r\n\tat java.base/jdk.internal.reflect.NativeConstructorAccessorImpl.newInstance0(Native Method)\r\n\tat java.base/jdk.internal.reflect.NativeConstructorAccessorImpl.newInstance(NativeConstructorAccessorImpl.java:62)\r\n\tat java.base/jdk.internal.reflect.DelegatingConstructorAccessorImpl.newInstance(DelegatingConstructorAccessorImpl.java:45)\r\n\tat java.base/java.lang.reflect.Constructor.newInstanceWithCaller(Constructor.java:500)\r\n\tat java.base/java.lang.reflect.Constructor.newInstance(Constructor.java:481)\r\n\tat org.openqa.selenium.remote.http.W3CHttpResponseCodec.createException(W3CHttpResponseCodec.java:187)\r\n\tat org.openqa.selenium.remote.http.W3CHttpResponseCodec.decode(W3CHttpResponseCodec.java:122)\r\n\tat org.openqa.selenium.remote.http.W3CHttpResponseCodec.decode(W3CHttpResponseCodec.java:49)\r\n\tat org.openqa.selenium.remote.HttpCommandExecutor.execute(HttpCommandExecutor.java:158)\r\n\tat org.openqa.selenium.remote.RemoteWebDriver.execute(RemoteWebDriver.java:552)\r\n\tat org.openqa.selenium.remote.RemoteWebDriver.findElement(RemoteWebDriver.java:323)\r\n\tat org.openqa.selenium.remote.RemoteWebDriver.findElementById(RemoteWebDriver.java:372)\r\n\tat org.openqa.selenium.By$ById.findElement(By.java:188)\r\n\tat org.openqa.selenium.remote.RemoteWebDriver.findElement(RemoteWebDriver.java:315)\r\n\tat org.openqa.selenium.support.pagefactory.DefaultElementLocator.findElement(DefaultElementLocator.java:69)\r\n\tat org.openqa.selenium.support.pagefactory.internal.LocatingElementHandler.invoke(LocatingElementHandler.java:38)\r\n\tat com.sun.proxy.$Proxy19.sendKeys(Unknown Source)\r\n\tat com.zerobank.pages.LoginPage.login(LoginPage.java:35)\r\n\tat com.zerobank.step_definitions.FindTransactionsStepDefs.the_user_accesses_the_Find_Transactions_tab(FindTransactionsStepDefs.java:26)\r\n\tat ✽.the user accesses the Find Transactions tab(file:///C:/Users/BiLAL/IdeaProjects/ZeroBankAutomation_MyProject/src/test/resources/features/FindTransactions.feature:26)\r\n",
              "duration": 1133668300,
              "status": "failed"
            },
            "line": 26,
            "name": "the user accesses the Find Transactions tab",
            "match": {
              "location": "com.zerobank.step_definitions.FindTransactionsStepDefs.the_user_accesses_the_Find_Transactions_tab()"
            },
            "keyword": "Given "
          },
          {
            "result": {
              "status": "skipped"
            },
            "line": 27,
            "name": "the user enters description \"TRANSFER\"",
            "match": {
              "arguments": [
                {
                  "val": "\"TRANSFER\"",
                  "offset": 28
                }
              ],
              "location": "com.zerobank.step_definitions.FindTransactionsStepDefs.the_user_enters_description(java.lang.String)"
            },
            "keyword": "When "
          },
          {
            "result": {
              "status": "skipped"
            },
            "line": 28,
            "name": "clicks search",
            "match": {
              "location": "com.zerobank.step_definitions.FindTransactionsStepDefs.clicks_search()"
            },
            "keyword": "And "
          },
          {
            "result": {
              "status": "skipped"
            },
            "line": 29,
            "name": "results table should only show descriptions containing \"TRANSFER\"",
            "match": {
              "arguments": [
                {
                  "val": "\"TRANSFER\"",
                  "offset": 55
                }
              ],
              "location": "com.zerobank.step_definitions.FindTransactionsStepDefs.results_table_should_only_show_descriptions_containing(java.lang.String)"
            },
            "keyword": "Then "
          },
          {
            "result": {
              "status": "skipped"
            },
            "line": 30,
            "name": "the user enters description \"SUPPLY\"",
            "match": {
              "arguments": [
                {
                  "val": "\"SUPPLY\"",
                  "offset": 28
                }
              ],
              "location": "com.zerobank.step_definitions.FindTransactionsStepDefs.the_user_enters_description(java.lang.String)"
            },
            "keyword": "When "
          },
          {
            "result": {
              "status": "skipped"
            },
            "line": 31,
            "name": "clicks search",
            "match": {
              "location": "com.zerobank.step_definitions.FindTransactionsStepDefs.clicks_search()"
            },
            "keyword": "And "
          },
          {
            "result": {
              "status": "skipped"
            },
            "line": 32,
            "name": "results table should only show descriptions containing \"SUPPLY\"",
            "match": {
              "arguments": [
                {
                  "val": "\"SUPPLY\"",
                  "offset": 55
                }
              ],
              "location": "com.zerobank.step_definitions.FindTransactionsStepDefs.results_table_should_only_show_descriptions_containing(java.lang.String)"
            },
            "keyword": "Then "
          },
          {
            "result": {
              "status": "skipped"
            },
            "line": 33,
            "name": "results table should not show descriptions containing \"TRANSFER\"",
            "match": {
              "arguments": [
                {
                  "val": "\"TRANSFER\"",
                  "offset": 54
                }
              ],
              "location": "com.zerobank.step_definitions.FindTransactionsStepDefs.results_table_should_not_show_descriptions_containing(java.lang.String)"
            },
            "keyword": "But "
          }
        ],
        "tags": [
          {
            "name": "@regression"
          }
        ]
      }
    ],
    "name": "Find Transactions in Account Activity",
    "description": "",
    "id": "find-transactions-in-account-activity",
    "keyword": "Feature",
    "uri": "file:src/test/resources/features/FindTransactions.feature",
    "tags": []
  },
  {
    "line": 2,
    "elements": [
      {
        "start_timestamp": "2020-11-20T21:22:26.786Z",
        "before": [
          {
            "result": {
              "duration": 4999100,
              "status": "passed"
            },
            "match": {
              "location": "com.zerobank.step_definitions.Hooks.setUp()"
            }
          }
        ],
        "line": 4,
        "name": "Login with valid credentials",
        "description": "",
        "id": "user-should-be-able-to-login;login-with-valid-credentials",
        "after": [
          {
            "result": {
              "duration": 794765200,
              "status": "passed"
            },
            "match": {
              "location": "com.zerobank.step_definitions.Hooks.tearDown(io.cucumber.java.Scenario)"
            }
          }
        ],
        "type": "scenario",
        "keyword": "Scenario",
        "steps": [
          {
            "result": {
              "duration": 17774270500,
              "status": "passed"
            },
            "line": 5,
            "name": "the user is on the login page",
            "match": {
              "location": "com.zerobank.step_definitions.LoginStepDefs.the_user_is_on_the_login_page()"
            },
            "keyword": "Given "
          },
          {
            "result": {
              "duration": 14216572200,
              "status": "passed"
            },
            "line": 6,
            "name": "the user logs in using \"username\" and \"password\"",
            "match": {
              "arguments": [
                {
                  "val": "\"username\"",
                  "offset": 23
                },
                {
                  "val": "\"password\"",
                  "offset": 38
                }
              ],
              "location": "com.zerobank.step_definitions.LoginStepDefs.the_user_logs_in_using_and(java.lang.String,java.lang.String)"
            },
            "keyword": "When "
          },
          {
            "result": {
              "duration": 227935200,
              "status": "passed"
            },
            "line": 7,
            "name": "the user should be able to login",
            "match": {
              "location": "com.zerobank.step_definitions.LoginStepDefs.the_user_should_be_able_to_login()"
            },
            "keyword": "Then "
          }
        ],
        "tags": [
          {
            "name": "@login"
          },
          {
            "name": "@smoke"
          },
          {
            "name": "@regression"
          },
          {
            "name": "@wip"
          }
        ]
      },
      {
        "start_timestamp": "2020-11-20T21:22:59.841Z",
        "before": [
          {
            "result": {
              "duration": 1002400,
              "status": "passed"
            },
            "match": {
              "location": "com.zerobank.step_definitions.Hooks.setUp()"
            }
          }
        ],
        "line": 9,
        "name": "Login with invalid username",
        "description": "",
        "id": "user-should-be-able-to-login;login-with-invalid-username",
        "after": [
          {
            "result": {
              "duration": 1019196500,
              "status": "passed"
            },
            "match": {
              "location": "com.zerobank.step_definitions.Hooks.tearDown(io.cucumber.java.Scenario)"
            }
          }
        ],
        "type": "scenario",
        "keyword": "Scenario",
        "steps": [
          {
            "result": {
              "duration": 12094592000,
              "status": "passed"
            },
            "line": 10,
            "name": "the user is on the login page",
            "match": {
              "location": "com.zerobank.step_definitions.LoginStepDefs.the_user_is_on_the_login_page()"
            },
            "keyword": "Given "
          },
          {
            "result": {
              "duration": 19615169000,
              "status": "passed"
            },
            "line": 11,
            "name": "the user logs in using \"wrongUsername\" and \"password\"",
            "match": {
              "arguments": [
                {
                  "val": "\"wrongUsername\"",
                  "offset": 23
                },
                {
                  "val": "\"password\"",
                  "offset": 43
                }
              ],
              "location": "com.zerobank.step_definitions.LoginStepDefs.the_user_logs_in_using_and(java.lang.String,java.lang.String)"
            },
            "keyword": "When "
          },
          {
            "result": {
              "duration": 2895782900,
              "status": "passed"
            },
            "line": 12,
            "name": "the user should NOT be able to login",
            "match": {
              "location": "com.zerobank.step_definitions.LoginStepDefs.the_user_should_NOT_be_able_to_login()"
            },
            "keyword": "Then "
          }
        ],
        "tags": [
          {
            "name": "@login"
          },
          {
            "name": "@smoke"
          },
          {
            "name": "@regression"
          }
        ]
      },
      {
        "start_timestamp": "2020-11-20T21:23:35.499Z",
        "before": [
          {
            "result": {
              "status": "passed"
            },
            "match": {
              "location": "com.zerobank.step_definitions.Hooks.setUp()"
            }
          }
        ],
        "line": 14,
        "name": "Login with invalid password",
        "description": "",
        "id": "user-should-be-able-to-login;login-with-invalid-password",
        "after": [
          {
            "result": {
              "duration": 185943500,
              "status": "passed"
            },
            "match": {
              "location": "com.zerobank.step_definitions.Hooks.tearDown(io.cucumber.java.Scenario)"
            }
          }
        ],
        "type": "scenario",
        "keyword": "Scenario",
        "steps": [
          {
            "result": {
              "duration": 10235421000,
              "status": "passed"
            },
            "line": 15,
            "name": "the user is on the login page",
            "match": {
              "location": "com.zerobank.step_definitions.LoginStepDefs.the_user_is_on_the_login_page()"
            },
            "keyword": "Given "
          },
          {
            "result": {
              "duration": 3886859200,
              "status": "passed"
            },
            "line": 16,
            "name": "the user logs in using \"username\" and \"wrongPassword\"",
            "match": {
              "arguments": [
                {
                  "val": "\"username\"",
                  "offset": 23
                },
                {
                  "val": "\"wrongPassword\"",
                  "offset": 38
                }
              ],
              "location": "com.zerobank.step_definitions.LoginStepDefs.the_user_logs_in_using_and(java.lang.String,java.lang.String)"
            },
            "keyword": "When "
          },
          {
            "result": {
              "duration": 375684800,
              "status": "passed"
            },
            "line": 17,
            "name": "the user should NOT be able to login",
            "match": {
              "location": "com.zerobank.step_definitions.LoginStepDefs.the_user_should_NOT_be_able_to_login()"
            },
            "keyword": "Then "
          }
        ],
        "tags": [
          {
            "name": "@login"
          },
          {
            "name": "@smoke"
          },
          {
            "name": "@regression"
          }
        ]
      },
      {
        "start_timestamp": "2020-11-20T21:23:50.195Z",
        "before": [
          {
            "result": {
              "status": "passed"
            },
            "match": {
              "location": "com.zerobank.step_definitions.Hooks.setUp()"
            }
          }
        ],
        "line": 19,
        "name": "Login with invalid username and password",
        "description": "",
        "id": "user-should-be-able-to-login;login-with-invalid-username-and-password",
        "after": [
          {
            "result": {
              "duration": 542510700,
              "status": "passed"
            },
            "match": {
              "location": "com.zerobank.step_definitions.Hooks.tearDown(io.cucumber.java.Scenario)"
            }
          }
        ],
        "type": "scenario",
        "keyword": "Scenario",
        "steps": [
          {
            "result": {
              "duration": 8496027900,
              "status": "passed"
            },
            "line": 20,
            "name": "the user is on the login page",
            "match": {
              "location": "com.zerobank.step_definitions.LoginStepDefs.the_user_is_on_the_login_page()"
            },
            "keyword": "Given "
          },
          {
            "result": {
              "duration": 3658203200,
              "status": "passed"
            },
            "line": 21,
            "name": "the user logs in using \"wrongUsername\" and \"wrongPassword\"",
            "match": {
              "arguments": [
                {
                  "val": "\"wrongUsername\"",
                  "offset": 23
                },
                {
                  "val": "\"wrongPassword\"",
                  "offset": 43
                }
              ],
              "location": "com.zerobank.step_definitions.LoginStepDefs.the_user_logs_in_using_and(java.lang.String,java.lang.String)"
            },
            "keyword": "When "
          },
          {
            "result": {
              "duration": 304428300,
              "status": "passed"
            },
            "line": 22,
            "name": "the user should NOT be able to login",
            "match": {
              "location": "com.zerobank.step_definitions.LoginStepDefs.the_user_should_NOT_be_able_to_login()"
            },
            "keyword": "Then "
          }
        ],
        "tags": [
          {
            "name": "@login"
          },
          {
            "name": "@smoke"
          },
          {
            "name": "@regression"
          }
        ]
      },
      {
        "start_timestamp": "2020-11-20T21:24:03.215Z",
        "before": [
          {
            "result": {
              "status": "passed"
            },
            "match": {
              "location": "com.zerobank.step_definitions.Hooks.setUp()"
            }
          }
        ],
        "line": 24,
        "name": "Login with blank username",
        "description": "",
        "id": "user-should-be-able-to-login;login-with-blank-username",
        "after": [
          {
            "result": {
              "duration": 186944800,
              "status": "passed"
            },
            "match": {
              "location": "com.zerobank.step_definitions.Hooks.tearDown(io.cucumber.java.Scenario)"
            }
          }
        ],
        "type": "scenario",
        "keyword": "Scenario",
        "steps": [
          {
            "result": {
              "duration": 8100087000,
              "status": "passed"
            },
            "line": 25,
            "name": "the user is on the login page",
            "match": {
              "location": "com.zerobank.step_definitions.LoginStepDefs.the_user_is_on_the_login_page()"
            },
            "keyword": "Given "
          },
          {
            "result": {
              "duration": 4786938100,
              "status": "passed"
            },
            "line": 26,
            "name": "the user logs in using \"\" and \"password\"",
            "match": {
              "arguments": [
                {
                  "val": "\"\"",
                  "offset": 23
                },
                {
                  "val": "\"password\"",
                  "offset": 30
                }
              ],
              "location": "com.zerobank.step_definitions.LoginStepDefs.the_user_logs_in_using_and(java.lang.String,java.lang.String)"
            },
            "keyword": "When "
          },
          {
            "result": {
              "duration": 178001800,
              "status": "passed"
            },
            "line": 27,
            "name": "the user should NOT be able to login",
            "match": {
              "location": "com.zerobank.step_definitions.LoginStepDefs.the_user_should_NOT_be_able_to_login()"
            },
            "keyword": "Then "
          }
        ],
        "tags": [
          {
            "name": "@login"
          },
          {
            "name": "@smoke"
          },
          {
            "name": "@regression"
          }
        ]
      },
      {
        "start_timestamp": "2020-11-20T21:24:16.479Z",
        "before": [
          {
            "result": {
              "duration": 1001100,
              "status": "passed"
            },
            "match": {
              "location": "com.zerobank.step_definitions.Hooks.setUp()"
            }
          }
        ],
        "line": 29,
        "name": "Login with blank password",
        "description": "",
        "id": "user-should-be-able-to-login;login-with-blank-password",
        "after": [
          {
            "result": {
              "duration": 163950600,
              "status": "passed"
            },
            "match": {
              "location": "com.zerobank.step_definitions.Hooks.tearDown(io.cucumber.java.Scenario)"
            }
          }
        ],
        "type": "scenario",
        "keyword": "Scenario",
        "steps": [
          {
            "result": {
              "duration": 11874878600,
              "status": "passed"
            },
            "line": 30,
            "name": "the user is on the login page",
            "match": {
              "location": "com.zerobank.step_definitions.LoginStepDefs.the_user_is_on_the_login_page()"
            },
            "keyword": "Given "
          },
          {
            "result": {
              "duration": 3936496000,
              "status": "passed"
            },
            "line": 31,
            "name": "the user logs in using \"username\" and \"\"",
            "match": {
              "arguments": [
                {
                  "val": "\"username\"",
                  "offset": 23
                },
                {
                  "val": "\"\"",
                  "offset": 38
                }
              ],
              "location": "com.zerobank.step_definitions.LoginStepDefs.the_user_logs_in_using_and(java.lang.String,java.lang.String)"
            },
            "keyword": "When "
          },
          {
            "result": {
              "duration": 417391400,
              "status": "passed"
            },
            "line": 32,
            "name": "the user should NOT be able to login",
            "match": {
              "location": "com.zerobank.step_definitions.LoginStepDefs.the_user_should_NOT_be_able_to_login()"
            },
            "keyword": "Then "
          }
        ],
        "tags": [
          {
            "name": "@login"
          },
          {
            "name": "@smoke"
          },
          {
            "name": "@regression"
          }
        ]
      },
      {
        "start_timestamp": "2020-11-20T21:24:32.885Z",
        "before": [
          {
            "result": {
              "status": "passed"
            },
            "match": {
              "location": "com.zerobank.step_definitions.Hooks.setUp()"
            }
          }
        ],
        "line": 34,
        "name": "Login with blank usernmae and password",
        "description": "",
        "id": "user-should-be-able-to-login;login-with-blank-usernmae-and-password",
        "after": [
          {
            "result": {
              "duration": 418082800,
              "status": "passed"
            },
            "match": {
              "location": "com.zerobank.step_definitions.Hooks.tearDown(io.cucumber.java.Scenario)"
            }
          }
        ],
        "type": "scenario",
        "keyword": "Scenario",
        "steps": [
          {
            "result": {
              "duration": 11275193900,
              "status": "passed"
            },
            "line": 35,
            "name": "the user is on the login page",
            "match": {
              "location": "com.zerobank.step_definitions.LoginStepDefs.the_user_is_on_the_login_page()"
            },
            "keyword": "Given "
          },
          {
            "result": {
              "duration": 1760824500,
              "status": "passed"
            },
            "line": 36,
            "name": "the user logs in using \"\" and \"\"",
            "match": {
              "arguments": [
                {
                  "val": "\"\"",
                  "offset": 23
                },
                {
                  "val": "\"\"",
                  "offset": 30
                }
              ],
              "location": "com.zerobank.step_definitions.LoginStepDefs.the_user_logs_in_using_and(java.lang.String,java.lang.String)"
            },
            "keyword": "When "
          },
          {
            "result": {
              "duration": 139002000,
              "status": "passed"
            },
            "line": 37,
            "name": "the user should NOT be able to login",
            "match": {
              "location": "com.zerobank.step_definitions.LoginStepDefs.the_user_should_NOT_be_able_to_login()"
            },
            "keyword": "Then "
          }
        ],
        "tags": [
          {
            "name": "@login"
          },
          {
            "name": "@smoke"
          },
          {
            "name": "@regression"
          }
        ]
      }
    ],
    "name": "User should be able to login",
    "description": "",
    "id": "user-should-be-able-to-login",
    "keyword": "Feature",
    "uri": "file:src/test/resources/features/Login.feature",
    "tags": [
      {
        "name": "@login",
        "type": "Tag",
        "location": {
          "line": 1,
          "column": 1
        }
      },
      {
        "name": "@smoke",
        "type": "Tag",
        "location": {
          "line": 1,
          "column": 8
        }
      },
      {
        "name": "@regression",
        "type": "Tag",
        "location": {
          "line": 1,
          "column": 15
        }
      }
    ]
  },
  {
    "line": 2,
    "elements": [
      {
        "line": 4,
        "name": "",
        "description": "",
        "type": "background",
        "keyword": "Background",
        "steps": [
          {
            "result": {
              "duration": 31740917200,
              "status": "passed"
            },
            "line": 5,
            "name": "the user is logged in",
            "match": {
              "location": "com.zerobank.step_definitions.AccountActivityStepDefs.the_user_is_logged_in()"
            },
            "keyword": "Given "
          },
          {
            "result": {
              "duration": 651808700,
              "status": "passed"
            },
            "line": 6,
            "name": "the user navigates Pay Bills",
            "match": {
              "location": "com.zerobank.step_definitions.PayBillsStepDefs.the_user_navigates_Pay_Bills()"
            },
            "keyword": "When "
          },
          {
            "result": {
              "error_message": "org.junit.ComparisonFailure: Verify the page title expected:\u003cZero - [Pay Bills]\u003e but was:\u003cZero - [Account Summary]\u003e\r\n\tat org.junit.Assert.assertEquals(Assert.java:117)\r\n\tat com.zerobank.step_definitions.AccountSummaryStepDefs.the_page_should_have_the_title(AccountSummaryStepDefs.java:16)\r\n\tat ✽.the page should have the title \"Zero - Pay Bills\"(file:///C:/Users/BiLAL/IdeaProjects/ZeroBankAutomation_MyProject/src/test/resources/features/PayBills.feature:7)\r\n",
              "duration": 124962200,
              "status": "failed"
            },
            "line": 7,
            "name": "the page should have the title \"Zero - Pay Bills\"",
            "match": {
              "arguments": [
                {
                  "val": "\"Zero - Pay Bills\"",
                  "offset": 31
                }
              ],
              "location": "com.zerobank.step_definitions.AccountSummaryStepDefs.the_page_should_have_the_title(java.lang.String)"
            },
            "keyword": "Then "
          }
        ]
      },
      {
        "start_timestamp": "2020-11-20T21:22:26.788Z",
        "before": [
          {
            "result": {
              "duration": 8996000,
              "status": "passed"
            },
            "match": {
              "location": "com.zerobank.step_definitions.Hooks.setUp()"
            }
          }
        ],
        "line": 9,
        "name": "user completes a successful Pay operation",
        "description": "",
        "id": "pay-bills;user-completes-a-successful-pay-operation",
        "after": [
          {
            "result": {
              "error_message": "org.openqa.selenium.TimeoutException: timeout: Timed out receiving message from renderer: 10.000\n  (Session info: chrome\u003d87.0.4280.66)\nBuild info: version: \u00273.141.59\u0027, revision: \u0027e82be7d358\u0027, time: \u00272018-11-14T08:17:03\u0027\nSystem info: host: \u0027DESKTOP-EB4BI5O\u0027, ip: \u0027192.168.43.236\u0027, os.name: \u0027Windows 10\u0027, os.arch: \u0027amd64\u0027, os.version: \u002710.0\u0027, java.version: \u002713.0.1\u0027\nDriver info: org.openqa.selenium.remote.RemoteWebDriver\nCapabilities {acceptInsecureCerts: false, browserName: chrome, browserVersion: 87.0.4280.66, chrome: {chromedriverVersion: 86.0.4240.22 (398b0743353ff..., userDataDir: C:\\Users\\BiLAL\\AppData\\Loca...}, goog:chromeOptions: {debuggerAddress: localhost:52309}, javascriptEnabled: true, networkConnectionEnabled: false, pageLoadStrategy: normal, platform: WINDOWS, platformName: WINDOWS, proxy: Proxy(), setWindowRect: true, strictFileInteractability: false, timeouts: {implicit: 0, pageLoad: 300000, script: 30000}, unhandledPromptBehavior: dismiss and notify, webauthn:virtualAuthenticators: true, webdriver.remote.sessionid: f2cddbeac39b31664c9fe33e883...}\nSession ID: f2cddbeac39b31664c9fe33e883e6313\r\n\tat java.base/jdk.internal.reflect.NativeConstructorAccessorImpl.newInstance0(Native Method)\r\n\tat java.base/jdk.internal.reflect.NativeConstructorAccessorImpl.newInstance(NativeConstructorAccessorImpl.java:62)\r\n\tat java.base/jdk.internal.reflect.DelegatingConstructorAccessorImpl.newInstance(DelegatingConstructorAccessorImpl.java:45)\r\n\tat java.base/java.lang.reflect.Constructor.newInstanceWithCaller(Constructor.java:500)\r\n\tat java.base/java.lang.reflect.Constructor.newInstance(Constructor.java:481)\r\n\tat org.openqa.selenium.remote.http.W3CHttpResponseCodec.createException(W3CHttpResponseCodec.java:187)\r\n\tat org.openqa.selenium.remote.http.W3CHttpResponseCodec.decode(W3CHttpResponseCodec.java:122)\r\n\tat org.openqa.selenium.remote.http.W3CHttpResponseCodec.decode(W3CHttpResponseCodec.java:49)\r\n\tat org.openqa.selenium.remote.HttpCommandExecutor.execute(HttpCommandExecutor.java:158)\r\n\tat org.openqa.selenium.remote.RemoteWebDriver.execute(RemoteWebDriver.java:552)\r\n\tat org.openqa.selenium.remote.RemoteWebDriver.execute(RemoteWebDriver.java:609)\r\n\tat org.openqa.selenium.remote.RemoteWebDriver.getScreenshotAs(RemoteWebDriver.java:295)\r\n\tat com.zerobank.step_definitions.Hooks.tearDown(Hooks.java:23)\r\n",
              "duration": 65647665400,
              "status": "failed"
            },
            "match": {
              "location": "com.zerobank.step_definitions.Hooks.tearDown(io.cucumber.java.Scenario)"
            }
          }
        ],
        "type": "scenario",
        "keyword": "Scenario",
        "steps": [
          {
            "result": {
              "duration": 999100,
              "status": "skipped"
            },
            "line": 10,
            "name": "user completes a successful Pay operation",
            "match": {
              "location": "com.zerobank.step_definitions.PayBillsStepDefs.user_completes_a_successful_Pay_operation()"
            },
            "keyword": "When "
          },
          {
            "result": {
              "status": "skipped"
            },
            "line": 11,
            "name": "The payment was successfully submitted. should be displayed",
            "match": {
              "location": "com.zerobank.step_definitions.PayBillsStepDefs.the_payment_was_successfully_submitted_should_be_displayed()"
            },
            "keyword": "Then "
          }
        ],
        "tags": [
          {
            "name": "@regression"
          }
        ]
      },
      {
        "line": 4,
        "name": "",
        "description": "",
        "type": "background",
        "keyword": "Background",
        "steps": [
          {
            "result": {
              "error_message": "org.openqa.selenium.NoSuchElementException: no such element: Unable to locate element: {\"method\":\"css selector\",\"selector\":\"#user_login\"}\n  (Session info: chrome\u003d87.0.4280.66)\nFor documentation on this error, please visit: https://www.seleniumhq.org/exceptions/no_such_element.html\nBuild info: version: \u00273.141.59\u0027, revision: \u0027e82be7d358\u0027, time: \u00272018-11-14T08:17:03\u0027\nSystem info: host: \u0027DESKTOP-EB4BI5O\u0027, ip: \u0027192.168.43.236\u0027, os.name: \u0027Windows 10\u0027, os.arch: \u0027amd64\u0027, os.version: \u002710.0\u0027, java.version: \u002713.0.1\u0027\nDriver info: org.openqa.selenium.remote.RemoteWebDriver\nCapabilities {acceptInsecureCerts: false, browserName: chrome, browserVersion: 87.0.4280.66, chrome: {chromedriverVersion: 86.0.4240.22 (398b0743353ff..., userDataDir: C:\\Users\\BiLAL\\AppData\\Loca...}, goog:chromeOptions: {debuggerAddress: localhost:52309}, javascriptEnabled: true, networkConnectionEnabled: false, pageLoadStrategy: normal, platform: WINDOWS, platformName: WINDOWS, proxy: Proxy(), setWindowRect: true, strictFileInteractability: false, timeouts: {implicit: 0, pageLoad: 300000, script: 30000}, unhandledPromptBehavior: dismiss and notify, webauthn:virtualAuthenticators: true, webdriver.remote.sessionid: f2cddbeac39b31664c9fe33e883...}\nSession ID: f2cddbeac39b31664c9fe33e883e6313\n*** Element info: {Using\u003did, value\u003duser_login}\r\n\tat java.base/jdk.internal.reflect.NativeConstructorAccessorImpl.newInstance0(Native Method)\r\n\tat java.base/jdk.internal.reflect.NativeConstructorAccessorImpl.newInstance(NativeConstructorAccessorImpl.java:62)\r\n\tat java.base/jdk.internal.reflect.DelegatingConstructorAccessorImpl.newInstance(DelegatingConstructorAccessorImpl.java:45)\r\n\tat java.base/java.lang.reflect.Constructor.newInstanceWithCaller(Constructor.java:500)\r\n\tat java.base/java.lang.reflect.Constructor.newInstance(Constructor.java:481)\r\n\tat org.openqa.selenium.remote.http.W3CHttpResponseCodec.createException(W3CHttpResponseCodec.java:187)\r\n\tat org.openqa.selenium.remote.http.W3CHttpResponseCodec.decode(W3CHttpResponseCodec.java:122)\r\n\tat org.openqa.selenium.remote.http.W3CHttpResponseCodec.decode(W3CHttpResponseCodec.java:49)\r\n\tat org.openqa.selenium.remote.HttpCommandExecutor.execute(HttpCommandExecutor.java:158)\r\n\tat org.openqa.selenium.remote.RemoteWebDriver.execute(RemoteWebDriver.java:552)\r\n\tat org.openqa.selenium.remote.RemoteWebDriver.findElement(RemoteWebDriver.java:323)\r\n\tat org.openqa.selenium.remote.RemoteWebDriver.findElementById(RemoteWebDriver.java:372)\r\n\tat org.openqa.selenium.By$ById.findElement(By.java:188)\r\n\tat org.openqa.selenium.remote.RemoteWebDriver.findElement(RemoteWebDriver.java:315)\r\n\tat org.openqa.selenium.support.pagefactory.DefaultElementLocator.findElement(DefaultElementLocator.java:69)\r\n\tat org.openqa.selenium.support.pagefactory.internal.LocatingElementHandler.invoke(LocatingElementHandler.java:38)\r\n\tat com.sun.proxy.$Proxy19.sendKeys(Unknown Source)\r\n\tat com.zerobank.pages.LoginPage.login(LoginPage.java:35)\r\n\tat com.zerobank.step_definitions.AccountActivityStepDefs.the_user_is_logged_in(AccountActivityStepDefs.java:26)\r\n\tat ✽.the user is logged in(file:///C:/Users/BiLAL/IdeaProjects/ZeroBankAutomation_MyProject/src/test/resources/features/PayBills.feature:5)\r\n",
              "duration": 4654527800,
              "status": "failed"
            },
            "line": 5,
            "name": "the user is logged in",
            "match": {
              "location": "com.zerobank.step_definitions.AccountActivityStepDefs.the_user_is_logged_in()"
            },
            "keyword": "Given "
          },
          {
            "result": {
              "status": "skipped"
            },
            "line": 6,
            "name": "the user navigates Pay Bills",
            "match": {
              "location": "com.zerobank.step_definitions.PayBillsStepDefs.the_user_navigates_Pay_Bills()"
            },
            "keyword": "When "
          },
          {
            "result": {
              "status": "skipped"
            },
            "line": 7,
            "name": "the page should have the title \"Zero - Pay Bills\"",
            "match": {
              "arguments": [
                {
                  "val": "\"Zero - Pay Bills\"",
                  "offset": 31
                }
              ],
              "location": "com.zerobank.step_definitions.AccountSummaryStepDefs.the_page_should_have_the_title(java.lang.String)"
            },
            "keyword": "Then "
          }
        ]
      },
      {
        "start_timestamp": "2020-11-20T21:24:04.995Z",
        "before": [
          {
            "result": {
              "status": "passed"
            },
            "match": {
              "location": "com.zerobank.step_definitions.Hooks.setUp()"
            }
          }
        ],
        "line": 13,
        "name": "user tries to make a payment without entering the amount",
        "description": "",
        "id": "pay-bills;user-tries-to-make-a-payment-without-entering-the-amount",
        "after": [
          {
            "result": {
              "error_message": "org.openqa.selenium.TimeoutException: timeout: Timed out receiving message from renderer: 10.000\n  (Session info: chrome\u003d87.0.4280.66)\nBuild info: version: \u00273.141.59\u0027, revision: \u0027e82be7d358\u0027, time: \u00272018-11-14T08:17:03\u0027\nSystem info: host: \u0027DESKTOP-EB4BI5O\u0027, ip: \u0027192.168.43.236\u0027, os.name: \u0027Windows 10\u0027, os.arch: \u0027amd64\u0027, os.version: \u002710.0\u0027, java.version: \u002713.0.1\u0027\nDriver info: org.openqa.selenium.remote.RemoteWebDriver\nCapabilities {acceptInsecureCerts: false, browserName: chrome, browserVersion: 87.0.4280.66, chrome: {chromedriverVersion: 86.0.4240.22 (398b0743353ff..., userDataDir: C:\\Users\\BiLAL\\AppData\\Loca...}, goog:chromeOptions: {debuggerAddress: localhost:52309}, javascriptEnabled: true, networkConnectionEnabled: false, pageLoadStrategy: normal, platform: WINDOWS, platformName: WINDOWS, proxy: Proxy(), setWindowRect: true, strictFileInteractability: false, timeouts: {implicit: 0, pageLoad: 300000, script: 30000}, unhandledPromptBehavior: dismiss and notify, webauthn:virtualAuthenticators: true, webdriver.remote.sessionid: f2cddbeac39b31664c9fe33e883...}\nSession ID: f2cddbeac39b31664c9fe33e883e6313\r\n\tat java.base/jdk.internal.reflect.NativeConstructorAccessorImpl.newInstance0(Native Method)\r\n\tat java.base/jdk.internal.reflect.NativeConstructorAccessorImpl.newInstance(NativeConstructorAccessorImpl.java:62)\r\n\tat java.base/jdk.internal.reflect.DelegatingConstructorAccessorImpl.newInstance(DelegatingConstructorAccessorImpl.java:45)\r\n\tat java.base/java.lang.reflect.Constructor.newInstanceWithCaller(Constructor.java:500)\r\n\tat java.base/java.lang.reflect.Constructor.newInstance(Constructor.java:481)\r\n\tat org.openqa.selenium.remote.http.W3CHttpResponseCodec.createException(W3CHttpResponseCodec.java:187)\r\n\tat org.openqa.selenium.remote.http.W3CHttpResponseCodec.decode(W3CHttpResponseCodec.java:122)\r\n\tat org.openqa.selenium.remote.http.W3CHttpResponseCodec.decode(W3CHttpResponseCodec.java:49)\r\n\tat org.openqa.selenium.remote.HttpCommandExecutor.execute(HttpCommandExecutor.java:158)\r\n\tat org.openqa.selenium.remote.RemoteWebDriver.execute(RemoteWebDriver.java:552)\r\n\tat org.openqa.selenium.remote.RemoteWebDriver.execute(RemoteWebDriver.java:609)\r\n\tat org.openqa.selenium.remote.RemoteWebDriver.getScreenshotAs(RemoteWebDriver.java:295)\r\n\tat com.zerobank.step_definitions.Hooks.tearDown(Hooks.java:23)\r\n",
              "duration": 60164067300,
              "status": "failed"
            },
            "match": {
              "location": "com.zerobank.step_definitions.Hooks.tearDown(io.cucumber.java.Scenario)"
            }
          }
        ],
        "type": "scenario",
        "keyword": "Scenario",
        "steps": [
          {
            "result": {
              "status": "skipped"
            },
            "line": 14,
            "name": "user enters the amount \"\" and date \"2020-11-11\" and description \"payment\"",
            "match": {
              "arguments": [
                {
                  "val": "\"\"",
                  "offset": 23
                },
                {
                  "val": "\"2020-11-11\"",
                  "offset": 35
                },
                {
                  "val": "\"payment\"",
                  "offset": 64
                }
              ],
              "location": "com.zerobank.step_definitions.PayBillsStepDefs.user_enters_the_amount_and_date_and_description(java.lang.String,java.lang.String,java.lang.String)"
            },
            "keyword": "When "
          },
          {
            "result": {
              "status": "skipped"
            },
            "line": 15,
            "name": "user clicks on Pay button",
            "match": {
              "location": "com.zerobank.step_definitions.PayBillsStepDefs.user_clicks_on_Pay_button()"
            },
            "keyword": "And "
          },
          {
            "result": {
              "status": "skipped"
            },
            "line": 16,
            "name": "\"Please fill out this field message!\" should be displayed for amount",
            "match": {
              "arguments": [
                {
                  "val": "\"Please fill out this field message!\"",
                  "offset": 0
                }
              ],
              "location": "com.zerobank.step_definitions.PayBillsStepDefs.should_be_displayed_for_amount(java.lang.String)"
            },
            "keyword": "Then "
          }
        ],
        "tags": [
          {
            "name": "@regression"
          }
        ]
      }
    ],
    "name": "Pay Bills",
    "description": "",
    "id": "pay-bills",
    "keyword": "Feature",
    "uri": "file:src/test/resources/features/PayBills.feature",
    "tags": []
  }
]